#
# There is insufficient memory for the Java Runtime Environment to continue.
# Native memory allocation (mmap) failed to map 62914560 bytes for committing reserved memory.
# Possible reasons:
#   The system is out of physical RAM or swap space
#   The process is running with CompressedOops enabled, and the Java Heap may be blocking the growth of the native heap
# Possible solutions:
#   Reduce memory load on the system
#   Increase physical memory or swap space
#   Check if swap backing store is full
#   Decrease Java heap size (-Xmx/-Xms)
#   Decrease number of Java threads
#   Decrease Java thread stack sizes (-Xss)
#   Set larger code cache with -XX:ReservedCodeCacheSize=
# This output file may be truncated or incomplete.
#
#  Out of Memory Error (os_linux.cpp:2706), pid=22738, tid=22739
#
# JRE version:  (10.0.2+13) (build )
# Java VM: Java HotSpot(TM) 64-Bit Server VM (10.0.2+13, mixed mode, aot, tiered, compressed oops, g1 gc, linux-amd64)
# Core dump will be written. Default location: Core dumps may be processed with "/usr/share/apport/apport %p %s %c %d %P" (or dumping to /home/andreas/git/repository/play18xx/core.22738)
#

---------------  S U M M A R Y ------------

Command Line: /home/andreas/git/repository/play18xx/target/surefire/surefirebooter15251391587977798907.jar /home/andreas/git/repository/play18xx/target/surefire/surefire13433564447249876959tmp /home/andreas/git/repository/play18xx/target/surefire/surefire_09011864643000739779tmp

Host: Intel(R) Core(TM) i5 CPU       M 560  @ 2.67GHz, 4 cores, 3G, Ubuntu 16.04.5 LTS
Time: Sun Nov 18 10:05:55 2018 CET elapsed time: 0 seconds (0d 0h 0m 0s)

---------------  T H R E A D  ---------------

Current thread (0x00007fa16c011000):  JavaThread "Unknown thread" [_thread_in_vm, id=22739, stack(0x00007fa173faa000,0x00007fa1740ab000)]

Stack: [0x00007fa173faa000,0x00007fa1740ab000],  sp=0x00007fa1740a92b0,  free space=1020k
Native frames: (J=compiled Java code, A=aot compiled Java code, j=interpreted, Vv=VM code, C=native code)
V  [libjvm.so+0xdf5452]  VMError::report_and_die(int, char const*, char const*, __va_list_tag*, Thread*, unsigned char*, void*, void*, char const*, int, unsigned long)+0x162
V  [libjvm.so+0xdf60fb]  VMError::report_and_die(Thread*, char const*, int, unsigned long, VMErrorType, char const*, __va_list_tag*)+0x2b
V  [libjvm.so+0x6a7c28]  report_vm_out_of_memory(char const*, int, unsigned long, VMErrorType, char const*, ...)+0xd8
V  [libjvm.so+0xbff759]  os::pd_commit_memory_or_exit(char*, unsigned long, unsigned long, bool, char const*)+0xe9
V  [libjvm.so+0xbf7e1d]  os::commit_memory_or_exit(char*, unsigned long, unsigned long, bool, char const*)+0x1d
V  [libjvm.so+0x7ceab2]  G1PageBasedVirtualSpace::commit_preferred_pages(unsigned long, unsigned long)+0x62
V  [libjvm.so+0x7ced9e]  G1PageBasedVirtualSpace::commit(unsigned long, unsigned long)+0x11e
V  [libjvm.so+0x7d1ed6]  G1RegionsLargerThanCommitSizeMapper::commit_regions(unsigned int, unsigned long, WorkGang*)+0x46
V  [libjvm.so+0x86453c]  HeapRegionManager::commit_regions(unsigned int, unsigned long, WorkGang*)+0x7c
V  [libjvm.so+0x8650b4]  HeapRegionManager::make_regions_available(unsigned int, unsigned int, WorkGang*)+0x34
V  [libjvm.so+0x8655d1]  HeapRegionManager::expand_by(unsigned int, WorkGang*)+0x71
V  [libjvm.so+0x781f77]  G1CollectedHeap::expand(unsigned long, WorkGang*, double*)+0xd7
V  [libjvm.so+0x786de7]  G1CollectedHeap::initialize()+0x667
V  [libjvm.so+0xdb32c2]  Universe::initialize_heap()+0x32
V  [libjvm.so+0xdb35a4]  universe_init()+0x44
V  [libjvm.so+0x87c127]  init_globals()+0x57
V  [libjvm.so+0xd92b60]  Threads::create_vm(JavaVMInitArgs*, bool*)+0x2e0
V  [libjvm.so+0x931996]  JNI_CreateJavaVM+0x56
C  [libjli.so+0x3a71]  JavaMain+0x81
C  [libpthread.so.0+0x76ba]  start_thread+0xca


---------------  P R O C E S S  ---------------

Threads class SMR info:
_java_thread_list=0x00000000017697c0, length=0, elements={
}

Java Threads: ( => current thread )

Other Threads:
  0x00007fa16c029800 GCTaskThread "GC Thread#0" [stack: 0x00007fa17059d000,0x00007fa17069d000] [id=22743]
  0x00007fa16c02b000 GCTaskThread "GC Thread#1" [stack: 0x00007fa17049c000,0x00007fa17059c000] [id=22744]
  0x00007fa16c02c800 GCTaskThread "GC Thread#2" [stack: 0x00007fa17039b000,0x00007fa17049b000] [id=22745]
  0x00007fa16c02e000 GCTaskThread "GC Thread#3" [stack: 0x00007fa17029a000,0x00007fa17039a000] [id=22746]
  0x00007fa16c064000 ConcurrentGCThread "G1 Main Marker" [stack: 0x00007fa150511000,0x00007fa150611000] [id=22747]
  0x00007fa16c066000 ConcurrentGCThread "G1 Conc#0" [stack: 0x00007fa150410000,0x00007fa150510000] [id=22748]

[error occurred during error reporting (printing all threads), id 0xe0000002]

VM state:not at safepoint (not fully initialized)

VM Mutex/Monitor currently owned by a thread:  ([mutex/lock_event])
[0x00007fa16c00dba0] Heap_lock - owner thread: 0x00007fa16c011000

Heap address: 0x00000000c5600000, size: 938 MB, Compressed Oops mode: Non-zero based: 0x00000000c5600000
Narrow klass base: 0x0000000000000000, Narrow klass shift: 0

GC Heap History (0 events):
No events

Deoptimization events (0 events):
No events

Classes redefined (0 events):
No events

Internal exceptions (0 events):
No events

Events (0 events):
No events


Dynamic libraries:
00400000-00401000 r-xp 00000000 08:01 2238756                            /opt/java/jdk-10.0.2/bin/java
00600000-00601000 rw-p 00000000 08:01 2238756                            /opt/java/jdk-10.0.2/bin/java
01766000-01787000 rw-p 00000000 00:00 0                                  [heap]
c9200000-100000000 ---p 00000000 00:00 0 
7fa130000000-7fa130021000 rw-p 00000000 00:00 0 
7fa130021000-7fa134000000 ---p 00000000 00:00 0 
7fa138000000-7fa138021000 rw-p 00000000 00:00 0 
7fa138021000-7fa13c000000 ---p 00000000 00:00 0 
7fa13c000000-7fa13c021000 rw-p 00000000 00:00 0 
7fa13c021000-7fa140000000 ---p 00000000 00:00 0 
7fa140de4000-7fa143158000 rw-p 00000000 00:00 0 
7fa143158000-7fa144000000 ---p 00000000 00:00 0 
7fa144000000-7fa144021000 rw-p 00000000 00:00 0 
7fa144021000-7fa148000000 ---p 00000000 00:00 0 
7fa148000000-7fa148021000 rw-p 00000000 00:00 0 
7fa148021000-7fa14c000000 ---p 00000000 00:00 0 
7fa14c000000-7fa14c021000 rw-p 00000000 00:00 0 
7fa14c021000-7fa150000000 ---p 00000000 00:00 0 
7fa15000b000-7fa15040f000 rw-p 00000000 00:00 0 
7fa15040f000-7fa150410000 ---p 00000000 00:00 0 
7fa150410000-7fa150510000 rw-p 00000000 00:00 0 
7fa150510000-7fa150511000 ---p 00000000 00:00 0 
7fa150511000-7fa150611000 rw-p 00000000 00:00 0 
7fa150611000-7fa151a38000 ---p 00000000 00:00 0 
7fa151a38000-7fa151c3a000 rw-p 00000000 00:00 0 
7fa151c3a000-7fa151eaa000 rwxp 00000000 00:00 0 
7fa151eaa000-7fa1521ca000 ---p 00000000 00:00 0 
7fa1521ca000-7fa15243a000 rwxp 00000000 00:00 0 
7fa15243a000-7fa159702000 ---p 00000000 00:00 0 
7fa159702000-7fa159972000 rwxp 00000000 00:00 0 
7fa159972000-7fa160c3a000 ---p 00000000 00:00 0 
7fa160c3a000-7fa16c000000 r--s 00000000 08:01 3278233                    /opt/java/jdk-10.0.2/lib/modules
7fa16c000000-7fa16c080000 rw-p 00000000 00:00 0 
7fa16c080000-7fa170000000 ---p 00000000 00:00 0 
7fa170097000-7fa170299000 rw-p 00000000 00:00 0 
7fa170299000-7fa17029a000 ---p 00000000 00:00 0 
7fa17029a000-7fa17039a000 rw-p 00000000 00:00 0 
7fa17039a000-7fa17039b000 ---p 00000000 00:00 0 
7fa17039b000-7fa17049b000 rw-p 00000000 00:00 0 
7fa17049b000-7fa17049c000 ---p 00000000 00:00 0 
7fa17049c000-7fa17059c000 rw-p 00000000 00:00 0 
7fa17059c000-7fa17059d000 ---p 00000000 00:00 0 
7fa17059d000-7fa1706a2000 rw-p 00000000 00:00 0 
7fa1706a2000-7fa170788000 ---p 00000000 00:00 0 
7fa170788000-7fa17078d000 rw-p 00000000 00:00 0 
7fa17078d000-7fa170873000 ---p 00000000 00:00 0 
7fa170873000-7fa17088d000 r-xp 00000000 08:01 3278231                    /opt/java/jdk-10.0.2/lib/libjimage.so
7fa17088d000-7fa170a8c000 ---p 0001a000 08:01 3278231                    /opt/java/jdk-10.0.2/lib/libjimage.so
7fa170a8c000-7fa170a8e000 rw-p 00019000 08:01 3278231                    /opt/java/jdk-10.0.2/lib/libjimage.so
7fa170a8e000-7fa170aa0000 rw-p 00000000 00:00 0 
7fa170aa0000-7fa170aa7000 r-xp 00000000 08:01 3278251                    /opt/java/jdk-10.0.2/lib/libzip.so
7fa170aa7000-7fa170ca6000 ---p 00007000 08:01 3278251                    /opt/java/jdk-10.0.2/lib/libzip.so
7fa170ca6000-7fa170ca7000 rw-p 00006000 08:01 3278251                    /opt/java/jdk-10.0.2/lib/libzip.so
7fa170ca7000-7fa170cb2000 r-xp 00000000 08:01 6690786                    /lib/x86_64-linux-gnu/libnss_files-2.23.so
7fa170cb2000-7fa170eb1000 ---p 0000b000 08:01 6690786                    /lib/x86_64-linux-gnu/libnss_files-2.23.so
7fa170eb1000-7fa170eb2000 r--p 0000a000 08:01 6690786                    /lib/x86_64-linux-gnu/libnss_files-2.23.so
7fa170eb2000-7fa170eb3000 rw-p 0000b000 08:01 6690786                    /lib/x86_64-linux-gnu/libnss_files-2.23.so
7fa170eb3000-7fa170eb9000 rw-p 00000000 00:00 0 
7fa170eb9000-7fa170ec4000 r-xp 00000000 08:01 6690790                    /lib/x86_64-linux-gnu/libnss_nis-2.23.so
7fa170ec4000-7fa1710c3000 ---p 0000b000 08:01 6690790                    /lib/x86_64-linux-gnu/libnss_nis-2.23.so
7fa1710c3000-7fa1710c4000 r--p 0000a000 08:01 6690790                    /lib/x86_64-linux-gnu/libnss_nis-2.23.so
7fa1710c4000-7fa1710c5000 rw-p 0000b000 08:01 6690790                    /lib/x86_64-linux-gnu/libnss_nis-2.23.so
7fa1710c5000-7fa1710db000 r-xp 00000000 08:01 6689263                    /lib/x86_64-linux-gnu/libnsl-2.23.so
7fa1710db000-7fa1712da000 ---p 00016000 08:01 6689263                    /lib/x86_64-linux-gnu/libnsl-2.23.so
7fa1712da000-7fa1712db000 r--p 00015000 08:01 6689263                    /lib/x86_64-linux-gnu/libnsl-2.23.so
7fa1712db000-7fa1712dc000 rw-p 00016000 08:01 6689263                    /lib/x86_64-linux-gnu/libnsl-2.23.so
7fa1712dc000-7fa1712de000 rw-p 00000000 00:00 0 
7fa1712de000-7fa1712e6000 r-xp 00000000 08:01 6690781                    /lib/x86_64-linux-gnu/libnss_compat-2.23.so
7fa1712e6000-7fa1714e5000 ---p 00008000 08:01 6690781                    /lib/x86_64-linux-gnu/libnss_compat-2.23.so
7fa1714e5000-7fa1714e6000 r--p 00007000 08:01 6690781                    /lib/x86_64-linux-gnu/libnss_compat-2.23.so
7fa1714e6000-7fa1714e7000 rw-p 00008000 08:01 6690781                    /lib/x86_64-linux-gnu/libnss_compat-2.23.so
7fa1714e7000-7fa171511000 r-xp 00000000 08:01 3278211                    /opt/java/jdk-10.0.2/lib/libjava.so
7fa171511000-7fa171711000 ---p 0002a000 08:01 3278211                    /opt/java/jdk-10.0.2/lib/libjava.so
7fa171711000-7fa171713000 rw-p 0002a000 08:01 3278211                    /opt/java/jdk-10.0.2/lib/libjava.so
7fa171713000-7fa171720000 r-xp 00000000 08:01 3278239                    /opt/java/jdk-10.0.2/lib/libverify.so
7fa171720000-7fa17191f000 ---p 0000d000 08:01 3278239                    /opt/java/jdk-10.0.2/lib/libverify.so
7fa17191f000-7fa171921000 rw-p 0000c000 08:01 3278239                    /opt/java/jdk-10.0.2/lib/libverify.so
7fa171921000-7fa171928000 r-xp 00000000 08:01 6690791                    /lib/x86_64-linux-gnu/librt-2.23.so
7fa171928000-7fa171b27000 ---p 00007000 08:01 6690791                    /lib/x86_64-linux-gnu/librt-2.23.so
7fa171b27000-7fa171b28000 r--p 00006000 08:01 6690791                    /lib/x86_64-linux-gnu/librt-2.23.so
7fa171b28000-7fa171b29000 rw-p 00007000 08:01 6690791                    /lib/x86_64-linux-gnu/librt-2.23.so
7fa171b29000-7fa171c31000 r-xp 00000000 08:01 6689262                    /lib/x86_64-linux-gnu/libm-2.23.so
7fa171c31000-7fa171e30000 ---p 00108000 08:01 6689262                    /lib/x86_64-linux-gnu/libm-2.23.so
7fa171e30000-7fa171e31000 r--p 00107000 08:01 6689262                    /lib/x86_64-linux-gnu/libm-2.23.so
7fa171e31000-7fa171e32000 rw-p 00108000 08:01 6689262                    /lib/x86_64-linux-gnu/libm-2.23.so
7fa171e32000-7fa172f1d000 r-xp 00000000 08:01 3278259                    /opt/java/jdk-10.0.2/lib/server/libjvm.so
7fa172f1d000-7fa17311c000 ---p 010eb000 08:01 3278259                    /opt/java/jdk-10.0.2/lib/server/libjvm.so
7fa17311c000-7fa1731fc000 r--p 010ea000 08:01 3278259                    /opt/java/jdk-10.0.2/lib/server/libjvm.so
7fa1731fc000-7fa173236000 rw-p 011ca000 08:01 3278259                    /opt/java/jdk-10.0.2/lib/server/libjvm.so
7fa173236000-7fa1732a0000 rw-p 00000000 00:00 0 
7fa1732a0000-7fa173460000 r-xp 00000000 08:01 6690773                    /lib/x86_64-linux-gnu/libc-2.23.so
7fa173460000-7fa173660000 ---p 001c0000 08:01 6690773                    /lib/x86_64-linux-gnu/libc-2.23.so
7fa173660000-7fa173664000 r--p 001c0000 08:01 6690773                    /lib/x86_64-linux-gnu/libc-2.23.so
7fa173664000-7fa173666000 rw-p 001c4000 08:01 6690773                    /lib/x86_64-linux-gnu/libc-2.23.so
7fa173666000-7fa17366a000 rw-p 00000000 00:00 0 
7fa17366a000-7fa17366d000 r-xp 00000000 08:01 6690775                    /lib/x86_64-linux-gnu/libdl-2.23.so
7fa17366d000-7fa17386c000 ---p 00003000 08:01 6690775                    /lib/x86_64-linux-gnu/libdl-2.23.so
7fa17386c000-7fa17386d000 r--p 00002000 08:01 6690775                    /lib/x86_64-linux-gnu/libdl-2.23.so
7fa17386d000-7fa17386e000 rw-p 00003000 08:01 6690775                    /lib/x86_64-linux-gnu/libdl-2.23.so
7fa17386e000-7fa17387c000 r-xp 00000000 08:01 3946731                    /opt/java/jdk-10.0.2/lib/jli/libjli.so
7fa17387c000-7fa173a7c000 ---p 0000e000 08:01 3946731                    /opt/java/jdk-10.0.2/lib/jli/libjli.so
7fa173a7c000-7fa173a7d000 rw-p 0000e000 08:01 3946731                    /opt/java/jdk-10.0.2/lib/jli/libjli.so
7fa173a7d000-7fa173a95000 r-xp 00000000 08:01 6690772                    /lib/x86_64-linux-gnu/libpthread-2.23.so
7fa173a95000-7fa173c94000 ---p 00018000 08:01 6690772                    /lib/x86_64-linux-gnu/libpthread-2.23.so
7fa173c94000-7fa173c95000 r--p 00017000 08:01 6690772                    /lib/x86_64-linux-gnu/libpthread-2.23.so
7fa173c95000-7fa173c96000 rw-p 00018000 08:01 6690772                    /lib/x86_64-linux-gnu/libpthread-2.23.so
7fa173c96000-7fa173c9a000 rw-p 00000000 00:00 0 
7fa173c9a000-7fa173cb3000 r-xp 00000000 08:01 6689612                    /lib/x86_64-linux-gnu/libz.so.1.2.8
7fa173cb3000-7fa173eb2000 ---p 00019000 08:01 6689612                    /lib/x86_64-linux-gnu/libz.so.1.2.8
7fa173eb2000-7fa173eb3000 r--p 00018000 08:01 6689612                    /lib/x86_64-linux-gnu/libz.so.1.2.8
7fa173eb3000-7fa173eb4000 rw-p 00019000 08:01 6689612                    /lib/x86_64-linux-gnu/libz.so.1.2.8
7fa173eb4000-7fa173eda000 r-xp 00000000 08:01 6689265                    /lib/x86_64-linux-gnu/ld-2.23.so
7fa173f6f000-7fa173faa000 rw-p 00000000 00:00 0 
7fa173faa000-7fa173fae000 ---p 00000000 00:00 0 
7fa173fae000-7fa1740b0000 rw-p 00000000 00:00 0 
7fa1740c2000-7fa1740c8000 rw-p 00000000 00:00 0 
7fa1740c8000-7fa1740cf000 ---p 00000000 00:00 0 
7fa1740cf000-7fa1740d7000 rw-s 00000000 08:01 8258411                    /tmp/hsperfdata_andreas/22738
7fa1740d7000-7fa1740d8000 ---p 00000000 00:00 0 
7fa1740d8000-7fa1740d9000 r--p 00000000 00:00 0 
7fa1740d9000-7fa1740da000 r--p 00025000 08:01 6689265                    /lib/x86_64-linux-gnu/ld-2.23.so
7fa1740da000-7fa1740db000 rw-p 00026000 08:01 6689265                    /lib/x86_64-linux-gnu/ld-2.23.so
7fa1740db000-7fa1740dc000 rw-p 00000000 00:00 0 
7ffdb99d8000-7ffdb99f9000 rw-p 00000000 00:00 0                          [stack]
7ffdb99fb000-7ffdb99fe000 r--p 00000000 00:00 0                          [vvar]
7ffdb99fe000-7ffdb9a00000 r-xp 00000000 00:00 0                          [vdso]
ffffffffff600000-ffffffffff601000 r-xp 00000000 00:00 0                  [vsyscall]


VM Arguments:
java_command: /home/andreas/git/repository/play18xx/target/surefire/surefirebooter15251391587977798907.jar /home/andreas/git/repository/play18xx/target/surefire/surefire13433564447249876959tmp /home/andreas/git/repository/play18xx/target/surefire/surefire_09011864643000739779tmp
java_class_path (initial): /home/andreas/git/repository/play18xx/target/surefire/surefirebooter15251391587977798907.jar
Launcher Type: SUN_STANDARD

Logging:
Log output configuration:
#0: stdout all=warning uptime,level,tags
#1: stderr all=off uptime,level,tags

Environment Variables:
PATH=/home/andreas/bin:/home/andreas/.local/bin:/opt/OpenPrinting-Gutenprint/sbin:/opt/OpenPrinting-Gutenprint/bin:/usr/local/sbin:/usr/local/bin:/usr/sbin:/usr/bin:/sbin:/bin:/usr/games:/usr/local/games:/snap/bin
SHELL=/bin/bash
DISPLAY=:0

Signal Handlers:
SIGSEGV: [libjvm.so+0xdf6210], sa_mask[0]=11111111011111111101111111111110, sa_flags=SA_RESTART|SA_SIGINFO
SIGBUS: [libjvm.so+0xdf6210], sa_mask[0]=11111111011111111101111111111110, sa_flags=SA_RESTART|SA_SIGINFO
SIGFPE: [libjvm.so+0xdf6210], sa_mask[0]=11111111011111111101111111111110, sa_flags=SA_RESTART|SA_SIGINFO
SIGPIPE: [libjvm.so+0xbfbe70], sa_mask[0]=11111111011111111101111111111110, sa_flags=SA_RESTART|SA_SIGINFO
SIGXFSZ: [libjvm.so+0xbfbe70], sa_mask[0]=11111111011111111101111111111110, sa_flags=SA_RESTART|SA_SIGINFO
SIGILL: [libjvm.so+0xdf6210], sa_mask[0]=11111111011111111101111111111110, sa_flags=SA_RESTART|SA_SIGINFO
SIGUSR2: [libjvm.so+0xbfc200], sa_mask[0]=00100000000000000000000000000000, sa_flags=SA_RESTART|SA_SIGINFO
SIGHUP: SIG_DFL, sa_mask[0]=00000000000000000000000000000000, sa_flags=none
SIGINT: SIG_DFL, sa_mask[0]=00000000000000000000000000000000, sa_flags=none
SIGTERM: SIG_DFL, sa_mask[0]=00000000000000000000000000000000, sa_flags=none
SIGQUIT: SIG_DFL, sa_mask[0]=00000000000000000000000000000000, sa_flags=none


---------------  S Y S T E M  ---------------

OS:DISTRIB_ID=Ubuntu
DISTRIB_RELEASE=16.04
DISTRIB_CODENAME=xenial
DISTRIB_DESCRIPTION="Ubuntu 16.04.5 LTS"
uname:Linux 4.4.0-139-generic #165-Ubuntu SMP Wed Oct 24 10:58:50 UTC 2018 x86_64
libc:glibc 2.23 NPTL 2.23 
rlimit: STACK 8192k, CORE 0k, NPROC 14831, NOFILE 81920, AS infinity, DATA infinity, FSIZE infinity
load average:2.31 1.66 1.40

/proc/meminfo:
MemTotal:        3839456 kB
MemFree:          111624 kB
MemAvailable:      25612 kB
Buffers:             944 kB
Cached:           257716 kB
SwapCached:         5396 kB
Active:          2533564 kB
Inactive:         923712 kB
Active(anon):    2520536 kB
Inactive(anon):   911972 kB
Active(file):      13028 kB
Inactive(file):    11740 kB
Unevictable:          96 kB
Mlocked:              96 kB
SwapTotal:       3983356 kB
SwapFree:              8 kB
Dirty:              1136 kB
Writeback:             0 kB
AnonPages:       3194260 kB
Mapped:           120064 kB
Shmem:            233056 kB
Slab:              97384 kB
SReclaimable:      42128 kB
SUnreclaim:        55256 kB
KernelStack:       32496 kB
PageTables:        72928 kB
NFS_Unstable:          0 kB
Bounce:                0 kB
WritebackTmp:          0 kB
CommitLimit:     5903084 kB
Committed_AS:   15637164 kB
VmallocTotal:   34359738367 kB
VmallocUsed:           0 kB
VmallocChunk:          0 kB
HardwareCorrupted:     0 kB
AnonHugePages:         0 kB
CmaTotal:              0 kB
CmaFree:               0 kB
HugePages_Total:       0
HugePages_Free:        0
HugePages_Rsvd:        0
HugePages_Surp:        0
Hugepagesize:       2048 kB
DirectMap4k:      282772 kB
DirectMap2M:     3702784 kB

container (cgroup) information:
container_type: cgroupv1
cpu_cpuset_cpus: 0-3
cpu_memory_nodes: 0
active_processor_count: 4
cpu_quota: -1
cpu_period: 100000
cpu_shares: -1
memory_limit_in_bytes: -1
memory_and_swap_limit_in_bytes: -2
memory_soft_limit_in_bytes: -1
memory_usage_in_bytes: 3537666048
memory_max_usage_in_bytes: 0


CPU:total 4 (initial active 4) (2 cores per cpu, 2 threads per core) family 6 model 37 stepping 5, cmov, cx8, fxsr, mmx, sse, sse2, sse3, ssse3, sse4.1, sse4.2, popcnt, ht, tsc, tscinvbit
CPU Model and flags from /proc/cpuinfo:
model name	: Intel(R) Core(TM) i5 CPU       M 560  @ 2.67GHz
flags		: fpu vme de pse tsc msr pae mce cx8 apic sep mtrr pge mca cmov pat pse36 clflush dts acpi mmx fxsr sse sse2 ss ht tm pbe syscall nx rdtscp lm constant_tsc arch_perfmon pebs bts rep_good nopl xtopology nonstop_tsc aperfmperf pni dtes64 monitor ds_cpl vmx smx est tm2 ssse3 cx16 xtpr pdcm pcid sse4_1 sse4_2 popcnt lahf_lm ssbd ibrs ibpb stibp kaiser tpr_shadow vnmi flexpriority ept vpid dtherm ida arat flush_l1d

Memory: 4k page, physical 3839456k(110880k free), swap 3983356k(8k free)

vm_info: Java HotSpot(TM) 64-Bit Server VM (10.0.2+13) for linux-amd64 JRE (10.0.2+13), built on Jun 27 2018 17:51:35 by "mach5one" with gcc 4.9.2

END.
