#
# There is insufficient memory for the Java Runtime Environment to continue.
# Native memory allocation (mmap) failed to map 62914560 bytes for committing reserved memory.
# Possible reasons:
#   The system is out of physical RAM or swap space
#   The process is running with CompressedOops enabled, and the Java Heap may be blocking the growth of the native heap
# Possible solutions:
#   Reduce memory load on the system
#   Increase physical memory or swap space
#   Check if swap backing store is full
#   Decrease Java heap size (-Xmx/-Xms)
#   Decrease number of Java threads
#   Decrease Java thread stack sizes (-Xss)
#   Set larger code cache with -XX:ReservedCodeCacheSize=
# This output file may be truncated or incomplete.
#
#  Out of Memory Error (os_linux.cpp:2706), pid=30282, tid=30283
#
# JRE version:  (10.0.2+13) (build )
# Java VM: Java HotSpot(TM) 64-Bit Server VM (10.0.2+13, mixed mode, aot, tiered, compressed oops, g1 gc, linux-amd64)
# Core dump will be written. Default location: Core dumps may be processed with "/usr/share/apport/apport %p %s %c %d %P" (or dumping to /home/andreas/git/repository/play18xx/core.30282)
#

---------------  S U M M A R Y ------------

Command Line: /home/andreas/git/repository/play18xx/target/surefire/surefirebooter16109764504846619306.jar /home/andreas/git/repository/play18xx/target/surefire/surefire16002282551465921049tmp /home/andreas/git/repository/play18xx/target/surefire/surefire_01305104753349565426tmp

Host: Intel(R) Core(TM) i5 CPU       M 560  @ 2.67GHz, 4 cores, 3G, Ubuntu 16.04.5 LTS
Time: Sat Nov 17 17:12:20 2018 CET elapsed time: 0 seconds (0d 0h 0m 0s)

---------------  T H R E A D  ---------------

Current thread (0x00007f40a8011000):  JavaThread "Unknown thread" [_thread_in_vm, id=30283, stack(0x00007f40aedc1000,0x00007f40aeec2000)]

Stack: [0x00007f40aedc1000,0x00007f40aeec2000],  sp=0x00007f40aeec02b0,  free space=1020k
Native frames: (J=compiled Java code, A=aot compiled Java code, j=interpreted, Vv=VM code, C=native code)
V  [libjvm.so+0xdf5452]  VMError::report_and_die(int, char const*, char const*, __va_list_tag*, Thread*, unsigned char*, void*, void*, char const*, int, unsigned long)+0x162
V  [libjvm.so+0xdf60fb]  VMError::report_and_die(Thread*, char const*, int, unsigned long, VMErrorType, char const*, __va_list_tag*)+0x2b
V  [libjvm.so+0x6a7c28]  report_vm_out_of_memory(char const*, int, unsigned long, VMErrorType, char const*, ...)+0xd8
V  [libjvm.so+0xbff759]  os::pd_commit_memory_or_exit(char*, unsigned long, unsigned long, bool, char const*)+0xe9
V  [libjvm.so+0xbf7e1d]  os::commit_memory_or_exit(char*, unsigned long, unsigned long, bool, char const*)+0x1d
V  [libjvm.so+0x7ceab2]  G1PageBasedVirtualSpace::commit_preferred_pages(unsigned long, unsigned long)+0x62
V  [libjvm.so+0x7ced9e]  G1PageBasedVirtualSpace::commit(unsigned long, unsigned long)+0x11e
V  [libjvm.so+0x7d1ed6]  G1RegionsLargerThanCommitSizeMapper::commit_regions(unsigned int, unsigned long, WorkGang*)+0x46
V  [libjvm.so+0x86453c]  HeapRegionManager::commit_regions(unsigned int, unsigned long, WorkGang*)+0x7c
V  [libjvm.so+0x8650b4]  HeapRegionManager::make_regions_available(unsigned int, unsigned int, WorkGang*)+0x34
V  [libjvm.so+0x8655d1]  HeapRegionManager::expand_by(unsigned int, WorkGang*)+0x71
V  [libjvm.so+0x781f77]  G1CollectedHeap::expand(unsigned long, WorkGang*, double*)+0xd7
V  [libjvm.so+0x786de7]  G1CollectedHeap::initialize()+0x667
V  [libjvm.so+0xdb32c2]  Universe::initialize_heap()+0x32
V  [libjvm.so+0xdb35a4]  universe_init()+0x44
V  [libjvm.so+0x87c127]  init_globals()+0x57
V  [libjvm.so+0xd92b60]  Threads::create_vm(JavaVMInitArgs*, bool*)+0x2e0
V  [libjvm.so+0x931996]  JNI_CreateJavaVM+0x56
C  [libjli.so+0x3a71]  JavaMain+0x81
C  [libpthread.so.0+0x76ba]  start_thread+0xca


---------------  P R O C E S S  ---------------

Threads class SMR info:
_java_thread_list=0x00000000020bf7c0, length=0, elements={
}

Java Threads: ( => current thread )

Other Threads:
  0x00007f40a8029800 GCTaskThread "GC Thread#0" [stack: 0x00007f408cfe4000,0x00007f408d0e4000] [id=30287]
  0x00007f40a802b000 GCTaskThread "GC Thread#1" [stack: 0x00007f408cee3000,0x00007f408cfe3000] [id=30288]
  0x00007f40a802c800 GCTaskThread "GC Thread#2" [stack: 0x00007f408cde2000,0x00007f408cee2000] [id=30289]
  0x00007f40a802e000 GCTaskThread "GC Thread#3" [stack: 0x00007f408cce1000,0x00007f408cde1000] [id=30290]
  0x00007f40a8064000 ConcurrentGCThread "G1 Main Marker" [stack: 0x00007f408c25d000,0x00007f408c35d000] [id=30291]
  0x00007f40a8066000 ConcurrentGCThread "G1 Conc#0" [stack: 0x00007f408c15c000,0x00007f408c25c000] [id=30292]

[error occurred during error reporting (printing all threads), id 0xe0000002]

VM state:not at safepoint (not fully initialized)

VM Mutex/Monitor currently owned by a thread:  ([mutex/lock_event])
[0x00007f40a800dba0] Heap_lock - owner thread: 0x00007f40a8011000

Heap address: 0x00000000c5600000, size: 938 MB, Compressed Oops mode: Non-zero based: 0x00000000c5600000
Narrow klass base: 0x0000000000000000, Narrow klass shift: 0

GC Heap History (0 events):
No events

Deoptimization events (0 events):
No events

Classes redefined (0 events):
No events

Internal exceptions (0 events):
No events

Events (0 events):
No events


Dynamic libraries:
00400000-00401000 r-xp 00000000 08:01 2238756                            /opt/java/jdk-10.0.2/bin/java
00600000-00601000 rw-p 00000000 08:01 2238756                            /opt/java/jdk-10.0.2/bin/java
020bc000-020dd000 rw-p 00000000 00:00 0                                  [heap]
c9200000-100000000 ---p 00000000 00:00 0 
7f406c000000-7f406c021000 rw-p 00000000 00:00 0 
7f406c021000-7f4070000000 ---p 00000000 00:00 0 
7f4073b8b000-7f4074000000 rw-p 00000000 00:00 0 
7f4074000000-7f4074021000 rw-p 00000000 00:00 0 
7f4074021000-7f4078000000 ---p 00000000 00:00 0 
7f4078000000-7f4078021000 rw-p 00000000 00:00 0 
7f4078021000-7f407c000000 ---p 00000000 00:00 0 
7f407c0ae000-7f407e2b0000 rw-p 00000000 00:00 0 
7f407e2b0000-7f4080000000 ---p 00000000 00:00 0 
7f4080000000-7f4080021000 rw-p 00000000 00:00 0 
7f4080021000-7f4084000000 ---p 00000000 00:00 0 
7f4084000000-7f4084021000 rw-p 00000000 00:00 0 
7f4084021000-7f4088000000 ---p 00000000 00:00 0 
7f4088000000-7f4088021000 rw-p 00000000 00:00 0 
7f4088021000-7f408c000000 ---p 00000000 00:00 0 
7f408c05a000-7f408c15b000 rw-p 00000000 00:00 0 
7f408c15b000-7f408c15c000 ---p 00000000 00:00 0 
7f408c15c000-7f408c25c000 rw-p 00000000 00:00 0 
7f408c25c000-7f408c25d000 ---p 00000000 00:00 0 
7f408c25d000-7f408c35d000 rw-p 00000000 00:00 0 
7f408c35d000-7f408c8dc000 ---p 00000000 00:00 0 
7f408c8dc000-7f408cce0000 rw-p 00000000 00:00 0 
7f408cce0000-7f408cce1000 ---p 00000000 00:00 0 
7f408cce1000-7f408cde1000 rw-p 00000000 00:00 0 
7f408cde1000-7f408cde2000 ---p 00000000 00:00 0 
7f408cde2000-7f408cee2000 rw-p 00000000 00:00 0 
7f408cee2000-7f408cee3000 ---p 00000000 00:00 0 
7f408cee3000-7f408cfe3000 rw-p 00000000 00:00 0 
7f408cfe3000-7f408cfe4000 ---p 00000000 00:00 0 
7f408cfe4000-7f408d0e9000 rw-p 00000000 00:00 0 
7f408d0e9000-7f408d1cf000 ---p 00000000 00:00 0 
7f408d1cf000-7f408d43f000 rwxp 00000000 00:00 0 
7f408d43f000-7f408d75f000 ---p 00000000 00:00 0 
7f408d75f000-7f408d9cf000 rwxp 00000000 00:00 0 
7f408d9cf000-7f4094c97000 ---p 00000000 00:00 0 
7f4094c97000-7f4094f07000 rwxp 00000000 00:00 0 
7f4094f07000-7f409c1cf000 ---p 00000000 00:00 0 
7f409c1cf000-7f40a7595000 r--s 00000000 08:01 3278233                    /opt/java/jdk-10.0.2/lib/modules
7f40a7595000-7f40a75af000 r-xp 00000000 08:01 3278231                    /opt/java/jdk-10.0.2/lib/libjimage.so
7f40a75af000-7f40a77ae000 ---p 0001a000 08:01 3278231                    /opt/java/jdk-10.0.2/lib/libjimage.so
7f40a77ae000-7f40a77b0000 rw-p 00019000 08:01 3278231                    /opt/java/jdk-10.0.2/lib/libjimage.so
7f40a77b0000-7f40a77c2000 rw-p 00000000 00:00 0 
7f40a77c2000-7f40a77c9000 r-xp 00000000 08:01 3278251                    /opt/java/jdk-10.0.2/lib/libzip.so
7f40a77c9000-7f40a79c8000 ---p 00007000 08:01 3278251                    /opt/java/jdk-10.0.2/lib/libzip.so
7f40a79c8000-7f40a79c9000 rw-p 00006000 08:01 3278251                    /opt/java/jdk-10.0.2/lib/libzip.so
7f40a79c9000-7f40a79d4000 r-xp 00000000 08:01 6690786                    /lib/x86_64-linux-gnu/libnss_files-2.23.so
7f40a79d4000-7f40a7bd3000 ---p 0000b000 08:01 6690786                    /lib/x86_64-linux-gnu/libnss_files-2.23.so
7f40a7bd3000-7f40a7bd4000 r--p 0000a000 08:01 6690786                    /lib/x86_64-linux-gnu/libnss_files-2.23.so
7f40a7bd4000-7f40a7bd5000 rw-p 0000b000 08:01 6690786                    /lib/x86_64-linux-gnu/libnss_files-2.23.so
7f40a7bd5000-7f40a7bdb000 rw-p 00000000 00:00 0 
7f40a7bdb000-7f40a7be6000 r-xp 00000000 08:01 6690790                    /lib/x86_64-linux-gnu/libnss_nis-2.23.so
7f40a7be6000-7f40a7de5000 ---p 0000b000 08:01 6690790                    /lib/x86_64-linux-gnu/libnss_nis-2.23.so
7f40a7de5000-7f40a7de6000 r--p 0000a000 08:01 6690790                    /lib/x86_64-linux-gnu/libnss_nis-2.23.so
7f40a7de6000-7f40a7de7000 rw-p 0000b000 08:01 6690790                    /lib/x86_64-linux-gnu/libnss_nis-2.23.so
7f40a7de7000-7f40a7dfd000 r-xp 00000000 08:01 6689263                    /lib/x86_64-linux-gnu/libnsl-2.23.so
7f40a7dfd000-7f40a7ffc000 ---p 00016000 08:01 6689263                    /lib/x86_64-linux-gnu/libnsl-2.23.so
7f40a7ffc000-7f40a7ffd000 r--p 00015000 08:01 6689263                    /lib/x86_64-linux-gnu/libnsl-2.23.so
7f40a7ffd000-7f40a7ffe000 rw-p 00016000 08:01 6689263                    /lib/x86_64-linux-gnu/libnsl-2.23.so
7f40a7ffe000-7f40a8000000 rw-p 00000000 00:00 0 
7f40a8000000-7f40a8080000 rw-p 00000000 00:00 0 
7f40a8080000-7f40ac000000 ---p 00000000 00:00 0 
7f40ac00a000-7f40ac00f000 rw-p 00000000 00:00 0 
7f40ac00f000-7f40ac0f5000 ---p 00000000 00:00 0 
7f40ac0f5000-7f40ac0fd000 r-xp 00000000 08:01 6690781                    /lib/x86_64-linux-gnu/libnss_compat-2.23.so
7f40ac0fd000-7f40ac2fc000 ---p 00008000 08:01 6690781                    /lib/x86_64-linux-gnu/libnss_compat-2.23.so
7f40ac2fc000-7f40ac2fd000 r--p 00007000 08:01 6690781                    /lib/x86_64-linux-gnu/libnss_compat-2.23.so
7f40ac2fd000-7f40ac2fe000 rw-p 00008000 08:01 6690781                    /lib/x86_64-linux-gnu/libnss_compat-2.23.so
7f40ac2fe000-7f40ac328000 r-xp 00000000 08:01 3278211                    /opt/java/jdk-10.0.2/lib/libjava.so
7f40ac328000-7f40ac528000 ---p 0002a000 08:01 3278211                    /opt/java/jdk-10.0.2/lib/libjava.so
7f40ac528000-7f40ac52a000 rw-p 0002a000 08:01 3278211                    /opt/java/jdk-10.0.2/lib/libjava.so
7f40ac52a000-7f40ac537000 r-xp 00000000 08:01 3278239                    /opt/java/jdk-10.0.2/lib/libverify.so
7f40ac537000-7f40ac736000 ---p 0000d000 08:01 3278239                    /opt/java/jdk-10.0.2/lib/libverify.so
7f40ac736000-7f40ac738000 rw-p 0000c000 08:01 3278239                    /opt/java/jdk-10.0.2/lib/libverify.so
7f40ac738000-7f40ac73f000 r-xp 00000000 08:01 6690791                    /lib/x86_64-linux-gnu/librt-2.23.so
7f40ac73f000-7f40ac93e000 ---p 00007000 08:01 6690791                    /lib/x86_64-linux-gnu/librt-2.23.so
7f40ac93e000-7f40ac93f000 r--p 00006000 08:01 6690791                    /lib/x86_64-linux-gnu/librt-2.23.so
7f40ac93f000-7f40ac940000 rw-p 00007000 08:01 6690791                    /lib/x86_64-linux-gnu/librt-2.23.so
7f40ac940000-7f40aca48000 r-xp 00000000 08:01 6689262                    /lib/x86_64-linux-gnu/libm-2.23.so
7f40aca48000-7f40acc47000 ---p 00108000 08:01 6689262                    /lib/x86_64-linux-gnu/libm-2.23.so
7f40acc47000-7f40acc48000 r--p 00107000 08:01 6689262                    /lib/x86_64-linux-gnu/libm-2.23.so
7f40acc48000-7f40acc49000 rw-p 00108000 08:01 6689262                    /lib/x86_64-linux-gnu/libm-2.23.so
7f40acc49000-7f40add34000 r-xp 00000000 08:01 3278259                    /opt/java/jdk-10.0.2/lib/server/libjvm.so
7f40add34000-7f40adf33000 ---p 010eb000 08:01 3278259                    /opt/java/jdk-10.0.2/lib/server/libjvm.so
7f40adf33000-7f40ae013000 r--p 010ea000 08:01 3278259                    /opt/java/jdk-10.0.2/lib/server/libjvm.so
7f40ae013000-7f40ae04d000 rw-p 011ca000 08:01 3278259                    /opt/java/jdk-10.0.2/lib/server/libjvm.so
7f40ae04d000-7f40ae0b7000 rw-p 00000000 00:00 0 
7f40ae0b7000-7f40ae277000 r-xp 00000000 08:01 6690773                    /lib/x86_64-linux-gnu/libc-2.23.so
7f40ae277000-7f40ae477000 ---p 001c0000 08:01 6690773                    /lib/x86_64-linux-gnu/libc-2.23.so
7f40ae477000-7f40ae47b000 r--p 001c0000 08:01 6690773                    /lib/x86_64-linux-gnu/libc-2.23.so
7f40ae47b000-7f40ae47d000 rw-p 001c4000 08:01 6690773                    /lib/x86_64-linux-gnu/libc-2.23.so
7f40ae47d000-7f40ae481000 rw-p 00000000 00:00 0 
7f40ae481000-7f40ae484000 r-xp 00000000 08:01 6690775                    /lib/x86_64-linux-gnu/libdl-2.23.so
7f40ae484000-7f40ae683000 ---p 00003000 08:01 6690775                    /lib/x86_64-linux-gnu/libdl-2.23.so
7f40ae683000-7f40ae684000 r--p 00002000 08:01 6690775                    /lib/x86_64-linux-gnu/libdl-2.23.so
7f40ae684000-7f40ae685000 rw-p 00003000 08:01 6690775                    /lib/x86_64-linux-gnu/libdl-2.23.so
7f40ae685000-7f40ae693000 r-xp 00000000 08:01 3946731                    /opt/java/jdk-10.0.2/lib/jli/libjli.so
7f40ae693000-7f40ae893000 ---p 0000e000 08:01 3946731                    /opt/java/jdk-10.0.2/lib/jli/libjli.so
7f40ae893000-7f40ae894000 rw-p 0000e000 08:01 3946731                    /opt/java/jdk-10.0.2/lib/jli/libjli.so
7f40ae894000-7f40ae8ac000 r-xp 00000000 08:01 6690772                    /lib/x86_64-linux-gnu/libpthread-2.23.so
7f40ae8ac000-7f40aeaab000 ---p 00018000 08:01 6690772                    /lib/x86_64-linux-gnu/libpthread-2.23.so
7f40aeaab000-7f40aeaac000 r--p 00017000 08:01 6690772                    /lib/x86_64-linux-gnu/libpthread-2.23.so
7f40aeaac000-7f40aeaad000 rw-p 00018000 08:01 6690772                    /lib/x86_64-linux-gnu/libpthread-2.23.so
7f40aeaad000-7f40aeab1000 rw-p 00000000 00:00 0 
7f40aeab1000-7f40aeaca000 r-xp 00000000 08:01 6689612                    /lib/x86_64-linux-gnu/libz.so.1.2.8
7f40aeaca000-7f40aecc9000 ---p 00019000 08:01 6689612                    /lib/x86_64-linux-gnu/libz.so.1.2.8
7f40aecc9000-7f40aecca000 r--p 00018000 08:01 6689612                    /lib/x86_64-linux-gnu/libz.so.1.2.8
7f40aecca000-7f40aeccb000 rw-p 00019000 08:01 6689612                    /lib/x86_64-linux-gnu/libz.so.1.2.8
7f40aeccb000-7f40aecf1000 r-xp 00000000 08:01 6689265                    /lib/x86_64-linux-gnu/ld-2.23.so
7f40aed86000-7f40aedc1000 rw-p 00000000 00:00 0 
7f40aedc1000-7f40aedc5000 ---p 00000000 00:00 0 
7f40aedc5000-7f40aeec7000 rw-p 00000000 00:00 0 
7f40aeed9000-7f40aeedf000 rw-p 00000000 00:00 0 
7f40aeedf000-7f40aeee6000 ---p 00000000 00:00 0 
7f40aeee6000-7f40aeeee000 rw-s 00000000 08:01 8258464                    /tmp/hsperfdata_andreas/30282
7f40aeeee000-7f40aeeef000 ---p 00000000 00:00 0 
7f40aeeef000-7f40aeef0000 r--p 00000000 00:00 0 
7f40aeef0000-7f40aeef1000 r--p 00025000 08:01 6689265                    /lib/x86_64-linux-gnu/ld-2.23.so
7f40aeef1000-7f40aeef2000 rw-p 00026000 08:01 6689265                    /lib/x86_64-linux-gnu/ld-2.23.so
7f40aeef2000-7f40aeef3000 rw-p 00000000 00:00 0 
7fff7d124000-7fff7d145000 rw-p 00000000 00:00 0                          [stack]
7fff7d14c000-7fff7d14f000 r--p 00000000 00:00 0                          [vvar]
7fff7d14f000-7fff7d151000 r-xp 00000000 00:00 0                          [vdso]
ffffffffff600000-ffffffffff601000 r-xp 00000000 00:00 0                  [vsyscall]


VM Arguments:
java_command: /home/andreas/git/repository/play18xx/target/surefire/surefirebooter16109764504846619306.jar /home/andreas/git/repository/play18xx/target/surefire/surefire16002282551465921049tmp /home/andreas/git/repository/play18xx/target/surefire/surefire_01305104753349565426tmp
java_class_path (initial): /home/andreas/git/repository/play18xx/target/surefire/surefirebooter16109764504846619306.jar
Launcher Type: SUN_STANDARD

Logging:
Log output configuration:
#0: stdout all=warning uptime,level,tags
#1: stderr all=off uptime,level,tags

Environment Variables:
PATH=/home/andreas/bin:/home/andreas/.local/bin:/opt/OpenPrinting-Gutenprint/sbin:/opt/OpenPrinting-Gutenprint/bin:/usr/local/sbin:/usr/local/bin:/usr/sbin:/usr/bin:/sbin:/bin:/usr/games:/usr/local/games:/snap/bin
SHELL=/bin/bash
DISPLAY=:0

Signal Handlers:
SIGSEGV: [libjvm.so+0xdf6210], sa_mask[0]=11111111011111111101111111111110, sa_flags=SA_RESTART|SA_SIGINFO
SIGBUS: [libjvm.so+0xdf6210], sa_mask[0]=11111111011111111101111111111110, sa_flags=SA_RESTART|SA_SIGINFO
SIGFPE: [libjvm.so+0xdf6210], sa_mask[0]=11111111011111111101111111111110, sa_flags=SA_RESTART|SA_SIGINFO
SIGPIPE: [libjvm.so+0xbfbe70], sa_mask[0]=11111111011111111101111111111110, sa_flags=SA_RESTART|SA_SIGINFO
SIGXFSZ: [libjvm.so+0xbfbe70], sa_mask[0]=11111111011111111101111111111110, sa_flags=SA_RESTART|SA_SIGINFO
SIGILL: [libjvm.so+0xdf6210], sa_mask[0]=11111111011111111101111111111110, sa_flags=SA_RESTART|SA_SIGINFO
SIGUSR2: [libjvm.so+0xbfc200], sa_mask[0]=00100000000000000000000000000000, sa_flags=SA_RESTART|SA_SIGINFO
SIGHUP: SIG_DFL, sa_mask[0]=00000000000000000000000000000000, sa_flags=none
SIGINT: SIG_DFL, sa_mask[0]=00000000000000000000000000000000, sa_flags=none
SIGTERM: SIG_DFL, sa_mask[0]=00000000000000000000000000000000, sa_flags=none
SIGQUIT: SIG_DFL, sa_mask[0]=00000000000000000000000000000000, sa_flags=none


---------------  S Y S T E M  ---------------

OS:DISTRIB_ID=Ubuntu
DISTRIB_RELEASE=16.04
DISTRIB_CODENAME=xenial
DISTRIB_DESCRIPTION="Ubuntu 16.04.5 LTS"
uname:Linux 4.4.0-139-generic #165-Ubuntu SMP Wed Oct 24 10:58:50 UTC 2018 x86_64
libc:glibc 2.23 NPTL 2.23 
rlimit: STACK 8192k, CORE 0k, NPROC 14831, NOFILE 81920, AS infinity, DATA infinity, FSIZE infinity
load average:10.41 3.48 1.96

/proc/meminfo:
MemTotal:        3839456 kB
MemFree:           88556 kB
MemAvailable:       3736 kB
Buffers:            1412 kB
Cached:           212036 kB
SwapCached:          124 kB
Active:          2554568 kB
Inactive:         931588 kB
Active(anon):    2540804 kB
Inactive(anon):   916424 kB
Active(file):      13764 kB
Inactive(file):    15164 kB
Unevictable:          96 kB
Mlocked:              96 kB
SwapTotal:       3983356 kB
SwapFree:              0 kB
Dirty:                 0 kB
Writeback:             0 kB
AnonPages:       3272948 kB
Mapped:            32156 kB
Shmem:            184116 kB
Slab:              96572 kB
SReclaimable:      40348 kB
SUnreclaim:        56224 kB
KernelStack:       36704 kB
PageTables:        75296 kB
NFS_Unstable:          0 kB
Bounce:                0 kB
WritebackTmp:          0 kB
CommitLimit:     5903084 kB
Committed_AS:   16625036 kB
VmallocTotal:   34359738367 kB
VmallocUsed:           0 kB
VmallocChunk:          0 kB
HardwareCorrupted:     0 kB
AnonHugePages:         0 kB
CmaTotal:              0 kB
CmaFree:               0 kB
HugePages_Total:       0
HugePages_Free:        0
HugePages_Rsvd:        0
HugePages_Surp:        0
Hugepagesize:       2048 kB
DirectMap4k:      227476 kB
DirectMap2M:     3758080 kB

container (cgroup) information:
container_type: cgroupv1
cpu_cpuset_cpus: 0-3
cpu_memory_nodes: 0
active_processor_count: 4
cpu_quota: -1
cpu_period: 100000
cpu_shares: -1
memory_limit_in_bytes: -1
memory_and_swap_limit_in_bytes: -2
memory_soft_limit_in_bytes: -1
memory_usage_in_bytes: 3571097600
memory_max_usage_in_bytes: 0


CPU:total 4 (initial active 4) (2 cores per cpu, 2 threads per core) family 6 model 37 stepping 5, cmov, cx8, fxsr, mmx, sse, sse2, sse3, ssse3, sse4.1, sse4.2, popcnt, ht, tsc, tscinvbit
CPU Model and flags from /proc/cpuinfo:
model name	: Intel(R) Core(TM) i5 CPU       M 560  @ 2.67GHz
flags		: fpu vme de pse tsc msr pae mce cx8 apic sep mtrr pge mca cmov pat pse36 clflush dts acpi mmx fxsr sse sse2 ss ht tm pbe syscall nx rdtscp lm constant_tsc arch_perfmon pebs bts rep_good nopl xtopology nonstop_tsc aperfmperf pni dtes64 monitor ds_cpl vmx smx est tm2 ssse3 cx16 xtpr pdcm pcid sse4_1 sse4_2 popcnt lahf_lm ssbd ibrs ibpb stibp kaiser tpr_shadow vnmi flexpriority ept vpid dtherm ida arat flush_l1d

Memory: 4k page, physical 3839456k(88472k free), swap 3983356k(0k free)

vm_info: Java HotSpot(TM) 64-Bit Server VM (10.0.2+13) for linux-amd64 JRE (10.0.2+13), built on Jun 27 2018 17:51:35 by "mach5one" with gcc 4.9.2

END.
